[sonnyuploads.com/index.html]
[backblue.gif]
[fade.gif]
[index.html]
[sonnyuploads.com/images/banners/subanner.png]
[sonnyuploads.com/css/normalize.css]
[sonnyuploads.com/css/webflow.css]
[sonnyuploads.com/css/sonnystore.webflow.css]
[ajax.googleapis.com/ajax/libs/webfont/1.6.26/webfont.js]
[sonnyuploads.com/images/sonny.ico]
[sonnyuploads.com/images/main-p-500.png]
[sonnyuploads.com/navbar.html]
[sonnyuploads.com/aspect.html]
[sonnyuploads.com/images/aspect.png]
[sonnyuploads.com/circuit.html]
[sonnyuploads.com/images/Circuit_Embed.png]
[sonnyuploads.com/midnight.html]
[sonnyuploads.com/images/midnightemb.png]
[code.jquery.com/jquery.min.js]
[sonnyuploads.com/raiden.html]
[sonnyuploads.com/images/raidenemb.png]
[sonnyuploads.com/images/delivery.png]
[sonnyuploads.com/images/safepayments.png]
[sonnyuploads.com/images/support.png]
[sonnyuploads.com/images/community.png]
[sonnyuploads.com/images/free.png]
[sonnyuploads.com/freecheats.html]
[sonnyuploads.com/images/refund.png]
[sonnyuploads.com/index.html]
[sonnyuploads.com/css/normalize.css]
[sonnyuploads.com/css/webflow.css]
[sonnyuploads.com/images/bronzebg.jpg]
[d3e54v103j8qbb.cloudfront.net/js/jquery-3.5.1.min.dc5e7f18c8ea0c.js]
[sonnyuploads.com/images/silverbg.jpg]
[sonnyuploads.com/images/goldbg.jpg]
[sonnyuploads.com/js/webflow.js]
[sonnyuploads.com/images/diamondbg.jpg]
[sonnyuploads.com/images/platinumbg.jpg]
[sonnyuploads.com/images/aspectbg.jpg]
[sonnyuploads.com/images/atlasbg.jpg]
[sonnyuploads.com/images/eterinitybg.jpg]
[sonnyuploads.com/images/antigrindbg.png]
[sonnyuploads.com/images/CircuitBG.png]
[sonnyuploads.com/images/archlightbg.jpg]
[sonnyuploads.com/images/midnightbg.jpg]
[sonnyuploads.com/images/standbg.jpg]
[sonnyuploads.com/images/2take1bg.jpg]
[sonnyuploads.com/images/northbg.jpg]
[sonnyuploads.com/images/raidenbg.jpg]
[sonnyuploads.com/images/sovietbg.jpg]
[sonnyuploads.com/images/utopiabg.jpg]
[sonnyuploads.com/images/argonbg.jpg]
[sonnyuploads.com/images/exploitbg.png]
[sonnyuploads.com/images/modspagebg.png]
[sonnyuploads.com/images/main.png]
[sonnyuploads.com/css/sonnystore.webflow.css]
[sonnyuploads.com/images/sonny.ico]
[sonnyuploads.com/mods.html]
[sonnyuploads.com/2take1.html]
[sonnyuploads.com/atlas.html]
[sonnyuploads.com/archlight.html]
[sonnyuploads.com/north.html]
[sonnyuploads.com/soviet.html]
[sonnyuploads.com/stand.html]
[sonnyuploads.com/utopia.html]
[sonnyuploads.com/exploit-tool.html]
[sonnyuploads.com/navbar.html]
[sonnyuploads.com/_https_/uploads-ssl.webflow.com/6116e60d2ef9238d0a0207b1/613e4727d23ae106b2ce8d4c_New;.html]
[sonnyuploads.com/images/banners/aspectbanner.png]
[cdn.sellix.io/static/js/embed.js]
[sonnyuploads.com/images/aspect2.png]
[cdn3.emoji.gg/emojis/1716_PAYPAL.png]
[sonnyuploads.com/aspect.html]
[sonnyuploads.com/images/banners/circuitbanner.png]
[sonnyuploads.com/circuit-regular.html]
[sonnyuploads.com/images/circuitregularemb.png]
[sonnyuploads.com/circuit-premium.html]
[sonnyuploads.com/images/circuitpremiumemb.png]
[sonnyuploads.com/circuit.html]
[sonnyuploads.com/images/banners/midnightbanner.png]
[sonnyuploads.com/images/midnighticon.png]
[sonnyuploads.com/midnight.html]
[sonnyuploads.com/images/banners/raidenbanner.png]
[sonnyuploads.com/images/raidenicon.png]
[sonnyuploads.com/raiden.html]
[code.jquery.com/jquery-1.10.2.js]
[sonnyuploads.com/images/minecraft.png]
[sonnyuploads.com/images/intertia.png]
[sonnyuploads.com/images/aristois.png]
[sonnyuploads.com/images/wolfram.png]
[sonnyuploads.com/images/w2urst.png]
[sonnyuploads.com/images/liquidbounce.png]
[sonnyuploads.com/images/gtav.png]
[sonnyuploads.com/images/Sysec.png]
[sonnyuploads.com/images/terror.png]
[sonnyuploads.com/images/kiddions.png]
[sonnyuploads.com/images/eternity.png]
[sonnyuploads.com/images/Zeropulse_Mod_Menu.png]
[sonnyuploads.com/images/Radic_Mod_Menu.png]
[sonnyuploads.com/images/BBQ_External_Mod_Menu.png]
[sonnyuploads.com/images/reborn.png]
[sonnyuploads.com/images/Nenyooo.png]
[sonnyuploads.com/images/discord.png]
[sonnyuploads.com/images/nixpic.png]
[sonnyuploads.com/freecheats.html]
[sonnyuploads.com/images/bronzebg.jpg]
[sonnyuploads.com/images/silverbg.jpg]
[sonnyuploads.com/images/diamondbg.jpg]
[sonnyuploads.com/images/aspectbg.jpg]
[sonnyuploads.com/images/atlasbg.jpg]
[sonnyuploads.com/images/eterinitybg.jpg]
[sonnyuploads.com/images/antigrindbg.png]
[sonnyuploads.com/images/CircuitBG.png]
[sonnyuploads.com/images/archlightbg.jpg]
[sonnyuploads.com/images/midnightbg.jpg]
[sonnyuploads.com/images/raidenbg.jpg]
[sonnyuploads.com/images/sovietbg.jpg]
[sonnyuploads.com/images/argonbg.jpg]
[sonnyuploads.com/images/exploitbg.png]
[sonnyuploads.com/images/modspagebg.png]
[sonnyuploads.com/images/archlightembed.png]
[sonnyuploads.com/images/standemb.png]
[sonnyuploads.com/images/2take1emb.png]
[sonnyuploads.com/images/sovietemb.png]
[sonnyuploads.com/images/utopiaemb.png]
[sonnyuploads.com/images/atlasemb.png]
[sonnyuploads.com/mods.html]
[sonnyuploads.com/images/banners/2take1banner.png]
[sonnyuploads.com/2take1-180.html]
[sonnyuploads.com/images/2take1180emb.png]
[sonnyuploads.com/2take1-life.html]
[sonnyuploads.com/images/2take1lifeemb.png]
[sonnyuploads.com/2take1.html]
[sonnyuploads.com/images/banners/atlasbanner.png]
[sonnyuploads.com/images/atlasicon.png]
[sonnyuploads.com/atlas.html]
[sonnyuploads.com/images/banners/archlightbanner.png]
[sonnyuploads.com/images/archlighticon.png]
[sonnyuploads.com/archlight.html]
[sonnyuploads.com/images/banners/northbanner.png]
[sonnyuploads.com/north-1.html]
[sonnyuploads.com/images/north1dayemb.png]
[sonnyuploads.com/north-life.html]
[sonnyuploads.com/images/northlifeemb.png]
[sonnyuploads.com/north.html]
[sonnyuploads.com/images/banners/sovietbanner.png]
[sonnyuploads.com/soviet-7.html]
[sonnyuploads.com/images/sovietemb7.png]
[sonnyuploads.com/soviet-40.html]
[sonnyuploads.com/images/sovietemb40.png]
[sonnyuploads.com/soviet-90.html]
[sonnyuploads.com/images/sovietemb90.png]
[sonnyuploads.com/soviet-life.html]
[sonnyuploads.com/images/sovietemblife.png]
[sonnyuploads.com/soviet.html]
[sonnyuploads.com/images/banners/standbanner.png]
[sonnyuploads.com/stand-basic.html]
[sonnyuploads.com/images/standbasicemb.png]
[sonnyuploads.com/stand-regular.html]
[sonnyuploads.com/images/standregularemb.png]
[sonnyuploads.com/stand.html]
[sonnyuploads.com/images/banners/utopiabanner.png]
[sonnyuploads.com/images/utopiaicon.png]
[sonnyuploads.com/utopia.html]
[sonnyuploads.com/exploit-tools_files/sonnystore.webflow.5752d7551.css]
[sonnyuploads.com/exploit-tools_files/css.css]
[sonnyuploads.com/exploit-tools_files/webfont.js]
[sonnyuploads.com/exploit-tools_files/css_002.css]
[sonnyuploads.com/exploit-tools_files/62ffdf0ed7e91959629ab154_GTA_5_Tool.png]
[sonnyuploads.com/exploit-tool.html]
[sonnyuploads.com/images/circuiticon.png]
[sonnyuploads.com/exploit-tools_files/jquery-3.5.1.min.dc5e7f18c8.js]
[sonnyuploads.com/circuit-regular.html]
[sonnyuploads.com/circuit-premium.html]
[sonnyuploads.com/images/northemb.png]
[sonnyuploads.com/images/2take1icon.png]
[sonnyuploads.com/2take1-180.html]
[sonnyuploads.com/2take1-life.html]
[sonnyuploads.com/images/northicon.png]
[sonnyuploads.com/exploit-tools_files/webflow.0a7f36455.js]
[sonnyuploads.com/north-1.html]
[sonnyuploads.com/north-life.html]
[sonnyuploads.com/images/sovieticon.png]
[sonnyuploads.com/soviet-7.html]
[sonnyuploads.com/soviet-40.html]
[sonnyuploads.com/soviet-90.html]
[sonnyuploads.com/soviet-life.html]
[sonnyuploads.com/stand-basic.html]
[sonnyuploads.com/stand-regular.html]
[sonnyuploads.com/exlpoit-tool.html]
[uploads-ssl.webflow.com/6116e60d2ef9238d0a0207b1/6116f3c575eb5426e23bb9a6_main.png]
[uploads-ssl.webflow.com/6116e60d2ef9238d0a0207b1/62ffd4dbb4026c62214759f9_particlegradbg.png]
[sonnyuploads.com/exploit-tools_files/sonnystore.webflow.5752d7551.css]
[sonnyuploads.com/exploit-tools_files/css.css]
[sonnyuploads.com/exploit-tools_files/css_002.css]
[sonnyuploads.com/images/standicon.png]
